2
5
19

32
11
89
170
248
330
408
489
567
650
728
809
887
969
1047
1128
1206
1290
1368
1449
1527
1609
1687
1768
1846
1929
2007
2088
2166
2248
2326
2407
2485

16
10
136
264
390
520
646
774
900
1031
1157
1285
1411
1541
1667
1795
1921

8
9
24
40
55
74
89
105
120

4
6
125
247
366

64
11
27
45
61
81
97
115
131
153
169
187
203
223
239
257
273
297
313
331
347
367
383
401
417
439
455
473
489
509
525
543
559
584
600
618
634
654
670
688
704
726
742
760
776
796
812
830
846
870
886
904
920
940
956
974
990
1012
1028
1046
1062
1082
1098
1116
1132

4
9
61
114
166

32
12
107
204
299
397
492
589
684
783
878
975
1070
1168
1263
1360
1455
1555
1650
1747
1842
1940
2035
2132
2227
2326
2421
2518
2613
2711
2806
2903
2998

16
9
85
162
238
317
393
470
546
628
704
781
857
936
1012
1089
1165