1
1

1
1

1
1

3
32
37
56

13
7
19
24
29
33
39
50
61
82
89
95
105
112

8
7
14
17
30
46
53
59
68

5
4
7
14
24
37

3
40
43
65

0

0

1
4

2
11
26

3
5
13
19

2
8
13

0

0

1
13

1
10

0

5
8
20
27
35
44

1
18

0

0

0

0

0

1
16

1
9

2
4
11

1
16

0

1
11

0

0

1
13

1
9

0

3
11
21
32

1
5

1
10

2
4
10

1
5

0

0

2
4
11

2
9
15

0

0

1
6

1
8

1
6

1
6

0

1
9

2
3
15

0

0

0

1
12

1
9

1
9

1
6

0

0

0

0

1
6

0

0

0

1
10

0

1
11

2
13
17

1
13

1
6

1
9

0

0

0

2
5
10

0

1
8

0

0

0

1
5

0

0

0

0

0

2
4
14

1
5

1
4

0

1
7

0

3
5
12
19

0

0

0

1
6

1
7

0

0

0

0

0

1
6

0

2
7
14

0

0

1
10

0

0

1
6

0

1
5

0

0

0

1
5

2
5
14

0

2
7
11

1
7

0

1
6

0

0

0

0

0

0

0

1
7

0

0

1
7

0

0

1
6

0

0

2
4
12

0

0

1
4

0

1
3

0

0

0

2
6
12

0

3
3
7
10

