331
2
2
2
2
2
2
2
2
2
2
2
2
2
2
2
2
2
2
2
2
2
2
2
2
2
2
2
2
2
2
2
2
2
2
2
2
2
2
2
2
2
2
2
2
2
2
2
2
2
2
2
2
2
2
2
2
2
2
2
2
2
2
2
2
2
2
2
2
2
2
2
2
2
2
2
2
2
2
2
2
2
2
2
2
2
2
2
2
2
2
2
2
2
2
2
2
2
2
2
2
2
2
2
2
2
2
2
2
2
2
2
2
2
2
2
2
2
2
2
2
2
2
2
2
2
2
2
2
2
2
2
2
2
2
2
2
2
2
2
2
2
2
2
2
2
2
2
2
2
2
2
2
2
2
2
2
2
2
2
2
2
2
2
2
2
2
2
2
2
2
2
3
3
3
3
3
3
3
3
20
20
20
20
20
20
20
20
20
20
20
20
20
20
50
50
50
50
50
50
50
50
50
50
50
50
50
50
50
50
84
84
84
84
84
84
84
84
84
84
84
84
84
84
84
84
84
84
122
122
122
122
122
122
122
122
122
122
122
122
122
122
152
152
152
152
152
152
152
152
152
152
152
152
152
152
182
182
182
182
182
182
182
182
182
182
182
182
182
182
212
212
212
212
212
212
212
212
212
212
212
212
212
212
242
242
242
242
242
242
242
242
242
242
242
242
242
242
272
272
272
272
272
272
272
272
272
272
272
272
272
272
302
302
302
302
302
302
302
302
302
302
302
302
302
302
332
332
332
332
332
332

166
2
2
2
2
2
2
2
2
2
2
2
2
2
2
2
2
2
2
2
2
2
2
2
2
2
2
2
2
2
2
2
2
2
2
2
2
2
2
2
2
2
2
2
2
2
2
2
2
2
2
2
2
2
2
2
2
2
2
2
2
2
2
2
2
2
2
2
2
2
2
2
2
2
2
2
2
2
2
2
2
2
2
2
3
3
3
20
20
20
20
20
20
20
20
20
50
50
50
50
50
50
50
50
50
84
84
84
84
84
84
84
84
84
122
122
122
122
122
122
122
152
152
152
152
152
152
152
182
182
182
182
182
182
182
212
212
212
212
212
212
212
242
242
242
242
242
242
242
272
272
272
272
272
272
272
302
302
302
302
302
302
302
332
332
332
332

40
2
2
2
2
2
2
2
2
2
2
2
2
2
2
2
2
2
2
2
2
20
20
50
50
84
84
122
122
152
152
182
182
212
212
242
242
272
272
302
302

196
2
2
2
2
2
2
2
2
2
2
2
2
2
2
2
2
2
2
2
2
2
2
2
2
2
2
2
2
2
2
2
2
2
2
2
2
2
2
2
2
2
2
2
2
2
2
2
2
2
2
2
2
2
2
2
2
2
2
2
2
2
2
2
2
2
2
2
2
2
2
2
2
2
2
2
2
2
2
2
2
2
2
2
2
2
2
2
2
2
2
2
2
2
2
2
2
2
2
2
2
2
2
2
3
3
3
3
20
20
20
20
20
20
20
20
50
50
50
50
50
50
50
50
50
50
84
84
84
84
84
84
84
84
84
84
84
122
122
122
122
122
122
122
122
152
152
152
152
152
152
152
152
182
182
182
182
182
182
182
182
212
212
212
212
212
212
212
212
242
242
242
242
242
242
242
242
272
272
272
272
272
272
272
272
302
302
302
302
302
302
302
302
332
332
332
332

97
2
2
2
2
2
2
2
2
2
2
2
2
2
2
2
2
2
2
2
2
2
2
2
2
2
2
2
2
2
2
2
2
2
2
2
2
2
2
2
2
2
2
2
2
2
2
2
2
2
2
2
3
20
20
20
20
20
50
50
50
50
50
84
84
84
84
84
122
122
122
122
152
152
152
152
182
182
182
182
212
212
212
212
242
242
242
242
272
272
272
272
302
302
302
302
332
332

69
2
2
2
2
2
2
2
2
2
2
2
2
2
2
2
2
2
2
2
2
2
2
2
2
2
2
2
2
2
2
2
2
2
2
2
2
2
3
20
20
50
50
50
84
84
84
84
122
122
122
152
152
152
182
182
182
212
212
212
242
242
242
272
272
272
302
302
302
332