3
2
8
14

3
4
12
18

3
1
5
9

3
3
7
11

2
1
14

2
4
10

1
1

1
1

1
6

1
12

3
3
7
14

0

1
1

1
12

1
1

1
7

1
14

1
9

1
8

1
55

1
9

1
13

1
7

1
12

1
6

1
9

1
8

1
6

1
5

1
11

1
13

1
8

1
19

1
1

1
1

1
2

1
1

1
4

1
1

1
3

1
24

1
3

1
5

1
4

1
9

1
1

1
2

1
6

1
2

1
11

1
3

1
3

1
10

1
2

1
1

1
5

1
4

1
6

1
33

1
4

1
17

1
1

1
16

1
1

1
47

1
4

1
6

1
7

1
19

1
4

1
18

1
14

1
1

1
4

1
11

1
17

1
20

1
9

1
26

1
4

1
22

1
5

1
6

1
41

1
11

1
20

1
1

1
1

1
9

1
7

1
7

1
38

1
29

1
2

1
11

1
13

1
12

1
8

1
3

1
1

1
15

1
2

1
20

1
22

1
5

1
7

1
11

1
1

1
6

1
4

1
1

1
22

1
1

1
6

1
3

1
11

1
38

1
11

1
4

1
17

1
2

1
9

1
13

1
5

1
3

1
8

1
5

1
7

1
5

1
2

1
4

1
1

1
1

1
1

1
12

1
2

1
10

1
3

1
9

1
34

1
4

1
2

1
37

1
1

1
6

1
1

1
21

1
13

1
38

1
16

1
3

1
9

1
1

1
15

1
1

1
1

1
5

1
21

1
5

1
12

1
6

1
8

1
14

1
7

1
2

1
3

1
5

1
11

1
3

1
10

1
4

1
1

1
11

1
4

1
11

1
11

1
18

1
24

1
6

1
33

1
1

1
36

1
48

1
17

1
3

1
6

1
36

