2
2
7

2
2
7

1
3

16
4
11
18
25
32
39
46
53
60
67
74
81
88
95
102
109

16
10
17
24
31
38
45
52
59
66
73
80
87
94
101
108
115

0

0

9
1
8
15
21
26
32
33
40
46

1
1

0

1
8

0

17
4
11
18
25
32
39
46
53
60
67
74
81
88
95
102
109
116

0

0

16
8
15
22
29
36
43
50
57
64
71
78
85
92
99
106
113

0

9
1
8
15
21
26
32
33
40
46

1
1

1
1

2
2
106

2
2
49

1
3

60
4
11
18
25
32
39
46
53
60
67
74
81
88
93
100
107
114
121
128
135
140
147
154
161
168
175
182
189
196
203
210
217
224
231
238
245
250
257
264
271
278
287
294
303
310
319
326
333
340
347
354
361
368
375
382
389
396
403
410
417

25
15
22
24
31
38
45
52
59
66
75
80
87
94
102
108
115
128
129
136
143
150
157
164
171
178

0

0

13
1
8
15
22
29
36
43
49
54
60
61
68
74

1
1

19
3
10
17
24
38
44
51
58
63
70
77
84
93
100
107
115
117
124
131
